<?xml version="1.0" encoding="UTF-8"?>
<testng-results skipped="0" failed="0" total="1" passed="1">
  <reporter-output>
  </reporter-output>
  <suite name="Default suite" duration-ms="12624" started-at="2017-12-18T07:16:09Z" finished-at="2017-12-18T07:16:22Z">
    <groups>
    </groups>
    <test name="Default test" duration-ms="12624" started-at="2017-12-18T07:16:09Z" finished-at="2017-12-18T07:16:22Z">
      <class name="myPackage8.openBrowser">
        <test-method status="PASS" signature="login_FlipKart()[pri:0, instance:myPackage8.openBrowser@1810399e]" name="login_FlipKart" duration-ms="12613" started-at="2017-12-18T12:46:09Z" finished-at="2017-12-18T12:46:22Z">
          <reporter-output>
          </reporter-output>
        </test-method> <!-- login_FlipKart -->
      </class> <!-- myPackage8.openBrowser -->
    </test> <!-- Default test -->
  </suite> <!-- Default suite -->
</testng-results>
